<?xml version="1.0" encoding="utf-8"?><testsuites name="pytest tests"><testsuite name="pytest" errors="0" failures="13" skipped="5" tests="172" time="53.955" timestamp="2026-09-18T00:01:04.653932-07:00" hostname="WE50949"><testcase classname="tests.segfault_bug.test_double_instance" name="test_double_instance" time="0.234" /><testcase classname="tests.segfault_bug.test_thread_solution" name="test_threaded_instances" time="1.622" /><testcase classname="tests.test_api_type_hints" name="test_time_api_signatures_use_iso_strings" time="0.000" /><testcase classname="tests.test_api_type_hints" name="test_run_signature_remains_numeric_bounds" time="0.000" /><testcase classname="tests.test_clock_api.TestClockAPI" name="test_get_clock" time="0.359" /><testcase classname="tests.test_clock_api.TestClockAPI" name="test_get_starttime" time="0.281" /><testcase classname="tests.test_clock_api.TestClockAPI" name="test_get_stoptime" time="0.301" /><testcase classname="tests.test_clock_api.TestClockAPI" name="test_get_timezone" time="0.273" /><testcase classname="tests.test_clock_api.TestClockAPI" name="test_set_starttime" time="0.265" /><testcase classname="tests.test_clock_api.TestClockAPI" name="test_set_stoptime" time="0.270" /><testcase classname="tests.test_clock_api.TestClockAPI" name="test_clock_before_load" time="0.121" /><testcase classname="tests.test_clock_api.TestClockAPI" name="test_clock_after_run" time="0.298" /><testcase classname="tests.test_clock_api.TestGlobalVariableAPI" name="test_get_global_variable" time="0.313" /><testcase classname="tests.test_clock_api.TestGlobalVariableAPI" name="test_set_global_variable" time="0.110" /><testcase classname="tests.test_clock_api.TestGlobalVariableAPI" name="test_get_nonexistent_global" time="0.108" /><testcase classname="tests.test_deltamode_model" name="test_deltamode_model_run_succeeds" time="0.112"><skipped type="pytest.skip" message="Missing player CSV required by test_deltamode.glm: C:\dev\gridlab-d_fork\python_bindings\tests\test_deltamode_house_player.csv">C:\dev\gridlab-d_fork\python_bindings\tests\test_deltamode_model.py:24: Missing player CSV required by test_deltamode.glm: C:\dev\gridlab-d_fork\python_bindings\tests\test_deltamode_house_player.csv</skipped></testcase><testcase classname="tests.test_deltamode_model" name="test_deltamode_fractional_step_to_returns_fractional_time" time="0.104"><skipped type="pytest.skip" message="Missing player CSV required by test_deltamode.glm: C:\dev\gridlab-d_fork\python_bindings\tests\test_deltamode_house_player.csv">C:\dev\gridlab-d_fork\python_bindings\tests\test_deltamode_model.py:24: Missing player CSV required by test_deltamode.glm: C:\dev\gridlab-d_fork\python_bindings\tests\test_deltamode_house_player.csv</skipped></testcase><testcase classname="tests.test_deltamode_model" name="test_deltamode_fractional_step_to_increments_delta_counter" time="0.116"><skipped type="pytest.skip" message="Missing player CSV required by test_deltamode.glm: C:\dev\gridlab-d_fork\python_bindings\tests\test_deltamode_house_player.csv">C:\dev\gridlab-d_fork\python_bindings\tests\test_deltamode_model.py:24: Missing player CSV required by test_deltamode.glm: C:\dev\gridlab-d_fork\python_bindings\tests\test_deltamode_house_player.csv</skipped></testcase><testcase classname="tests.test_deltamode_scenario_matrix" name="test_scenario_1_qsts_step_to_fractional_targets" time="0.304" /><testcase classname="tests.test_deltamode_scenario_matrix" name="test_scenario_2_fixed_step_with_event_window_85_to_93" time="0.209"><failure message="assert 0.0 == 5.0 ± 1.0e-06&#10;  &#10;  comparison failed&#10;  Obtained: 0.0&#10;  Expected: 5.0 ± 1.0e-06">python_bindings\tests\test_deltamode_scenario_matrix.py:89: in test_scenario_2_fixed_step_with_event_window_85_to_93
    assert _seconds(time_step, base) == pytest.approx(5.0, abs=1e-6)
E   assert 0.0 == 5.0 ± 1.0e-06
E     
E     comparison failed
E     Obtained: 0.0
E     Expected: 5.0 ± 1.0e-06</failure></testcase><testcase classname="tests.test_deltamode_scenario_matrix" name="test_scenario_3_fixed_step_with_event_crossing_target" time="0.135"><failure message="assert 0.0 == 5.0 ± 1.0e-06&#10;  &#10;  comparison failed&#10;  Obtained: 0.0&#10;  Expected: 5.0 ± 1.0e-06">python_bindings\tests\test_deltamode_scenario_matrix.py:129: in test_scenario_3_fixed_step_with_event_crossing_target
    assert _seconds(time_step, base) == pytest.approx(5.0, abs=1e-6)
E   assert 0.0 == 5.0 ± 1.0e-06
E     
E     comparison failed
E     Obtained: 0.0
E     Expected: 5.0 ± 1.0e-06</failure></testcase><testcase classname="tests.test_deltamode_scenario_matrix" name="test_scenario_4_deltamode_default_step_is_delta_timestep" time="0.142"><failure message="RuntimeError: Worker process closed stdout while processing STEP_TO. Last worker output: WARNING  [INIT] : step_to('2020-01-01 00:00:05.5') uses fractional seconds; GridLAB-D forces a one-shot deltamode entry while reaching this target, but does not guarantee that simulation mode will rem">python_bindings\tests\test_deltamode_scenario_matrix.py:169: in test_scenario_4_deltamode_default_step_is_delta_timestep
    code_pre, time_pre = gld_instance.step_to("2020-01-01T00:00:05.500000")
                         ^^^^^^^^^^^^^^^^^^^^^^^^^^^^^^^^^^^^^^^^^^^^^^^^^^
python_bindings\src\gridlabd\_isolated.py:577: in step_to
    response = self._send_command(Command.STEP_TO, {"target_time": normalized_time})
               ^^^^^^^^^^^^^^^^^^^^^^^^^^^^^^^^^^^^^^^^^^^^^^^^^^^^^^^^^^^^^^^^^^^^^
python_bindings\src\gridlabd\_isolated.py:260: in _send_command
    raise RuntimeError(f"Worker process closed stdout while processing {command.name}.{details}")
E   RuntimeError: Worker process closed stdout while processing STEP_TO. Last worker output: WARNING  [INIT] : step_to('2020-01-01 00:00:05.5') uses fractional seconds; GridLAB-D forces a one-shot deltamode entry while reaching this target, but does not guarantee that simulation mode will rem</failure></testcase><testcase classname="tests.test_deltamode_scenario_matrix" name="test_scenario_5_set_time_step_001s_in_deltamode" time="0.128"><failure message="assert 0.0 == 0.01 ± 0.002&#10;  &#10;  comparison failed&#10;  Obtained: 0.0&#10;  Expected: 0.01 ± 0.002">python_bindings\tests\test_deltamode_scenario_matrix.py:215: in test_scenario_5_set_time_step_001s_in_deltamode
    assert _seconds(time_step, base) == pytest.approx(0.01, abs=2e-3)
E   assert 0.0 == 0.01 ± 0.002
E     
E     comparison failed
E     Obtained: 0.0
E     Expected: 0.01 ± 0.002</failure></testcase><testcase classname="tests.test_deltamode_scenario_matrix" name="test_scenario_6_set_time_step_too_small_should_warn_and_advance" time="0.138"><failure message="RuntimeError: Failed to send GET_MESSAGES to worker (exit code: 255): [Errno 22] Invalid argument">python_bindings\src\gridlabd\_isolated.py:227: in _send_command
    self._process.stdin.write(message.to_json() + "\n")
E   OSError: [Errno 22] Invalid argument

During handling of the above exception, another exception occurred:
python_bindings\tests\test_deltamode_scenario_matrix.py:234: in test_scenario_6_set_time_step_too_small_should_warn_and_advance
    text = _messages_text(gld_instance).lower()
           ^^^^^^^^^^^^^^^^^^^^^^^^^^^^
python_bindings\tests\test_deltamode_scenario_matrix.py:46: in _messages_text
    return "\n".join(msg.get("message", "") for msg in gld_instance.get_messages())
                                                       ^^^^^^^^^^^^^^^^^^^^^^^^^^^
python_bindings\src\gridlabd\_isolated.py:1062: in get_messages
    response = self._send_command(Command.GET_MESSAGES, {})
               ^^^^^^^^^^^^^^^^^^^^^^^^^^^^^^^^^^^^^^^^^^^^
python_bindings\src\gridlabd\_isolated.py:231: in _send_command
    raise RuntimeError(f"Failed to send {command.name} to worker (exit code: {exit_code}): {e}")
E   RuntimeError: Failed to send GET_MESSAGES to worker (exit code: 255): [Errno 22] Invalid argument</failure></testcase><testcase classname="tests.test_deltamode_scenario_matrix" name="test_scenario_7_exit_deltamode_and_sync_to_next_qsts_second" time="0.158"><failure message="RuntimeError: Worker process closed stdout while processing STEP_TO. Last worker output: WARNING  [INIT] : step_to('2020-01-01 00:00:05.5') uses fractional seconds; GridLAB-D forces a one-shot deltamode entry while reaching this target, but does not guarantee that simulation mode will rem">python_bindings\tests\test_deltamode_scenario_matrix.py:244: in test_scenario_7_exit_deltamode_and_sync_to_next_qsts_second
    code_pre, time_pre = gld_instance.step_to("2020-01-01T00:00:05.500000")
                         ^^^^^^^^^^^^^^^^^^^^^^^^^^^^^^^^^^^^^^^^^^^^^^^^^^
python_bindings\src\gridlabd\_isolated.py:577: in step_to
    response = self._send_command(Command.STEP_TO, {"target_time": normalized_time})
               ^^^^^^^^^^^^^^^^^^^^^^^^^^^^^^^^^^^^^^^^^^^^^^^^^^^^^^^^^^^^^^^^^^^^^
python_bindings\src\gridlabd\_isolated.py:260: in _send_command
    raise RuntimeError(f"Worker process closed stdout while processing {command.name}.{details}")
E   RuntimeError: Worker process closed stdout while processing STEP_TO. Last worker output: WARNING  [INIT] : step_to('2020-01-01 00:00:05.5') uses fractional seconds; GridLAB-D forces a one-shot deltamode entry while reaching this target, but does not guarantee that simulation mode will rem</failure></testcase><testcase classname="tests.test_deltamode_scenario_matrix" name="test_scenario_7_forced_deltamode_globals_are_runtime_settable" time="0.276" /><testcase classname="tests.test_deltamode_scenario_matrix" name="test_scenario_8_step_to_125_through_two_delta_windows" time="0.131"><failure message="RuntimeError: Worker process closed stdout while processing STEP_TO. Last worker output: WARNING  [INIT] : step_to('2020-01-01 00:00:12.5') uses fractional seconds; GridLAB-D forces a one-shot deltamode entry while reaching this target, but does not guarantee that simulation mode will rem">python_bindings\tests\test_deltamode_scenario_matrix.py:281: in test_scenario_8_step_to_125_through_two_delta_windows
    code_125, time_125 = gld_instance.step_to("2020-01-01T00:00:12.500000")
                         ^^^^^^^^^^^^^^^^^^^^^^^^^^^^^^^^^^^^^^^^^^^^^^^^^^
python_bindings\src\gridlabd\_isolated.py:577: in step_to
    response = self._send_command(Command.STEP_TO, {"target_time": normalized_time})
               ^^^^^^^^^^^^^^^^^^^^^^^^^^^^^^^^^^^^^^^^^^^^^^^^^^^^^^^^^^^^^^^^^^^^^
python_bindings\src\gridlabd\_isolated.py:260: in _send_command
    raise RuntimeError(f"Worker process closed stdout while processing {command.name}.{details}")
E   RuntimeError: Worker process closed stdout while processing STEP_TO. Last worker output: WARNING  [INIT] : step_to('2020-01-01 00:00:12.5') uses fractional seconds; GridLAB-D forces a one-shot deltamode entry while reaching this target, but does not guarantee that simulation mode will rem</failure></testcase><testcase classname="tests.test_get_all_objects" name="test_get_all_objects_returns_list" time="0.199" /><testcase classname="tests.test_get_all_objects" name="test_get_all_objects_structure" time="0.166" /><testcase classname="tests.test_get_all_objects" name="test_get_all_objects_has_properties" time="0.170" /><testcase classname="tests.test_get_all_objects" name="test_get_all_objects_nonexistent_class" time="0.171" /><testcase classname="tests.test_get_all_objects" name="test_get_all_objects_count_matches_class" time="0.159" /><testcase classname="tests.test_get_all_objects" name="test_get_all_objects_multiple_classes" time="0.152" /><testcase classname="tests.test_get_all_objects_timesteps" name="test_get_all_objects_at_different_timesteps" time="0.243" /><testcase classname="tests.test_get_model" name="test_get_model_returns_dict" time="0.150" /><testcase classname="tests.test_get_model" name="test_get_model_structure" time="0.161" /><testcase classname="tests.test_get_model" name="test_get_model_matches_individual_calls" time="0.167" /><testcase classname="tests.test_get_model" name="test_get_model_empty_classes_excluded" time="0.165" /><testcase classname="tests.test_get_model" name="test_get_model_object_counts" time="0.158" /><testcase classname="tests.test_get_model" name="test_get_model_contains_expected_classes" time="0.155" /><testcase classname="tests.test_get_model" name="test_get_model_vs_get_all_classes" time="0.163" /><testcase classname="tests.test_gridlabd_home" name="test_default_behavior" time="0.001" /><testcase classname="tests.test_gridlabd_home" name="test_gridlabd_home_variable" time="0.002" /><testcase classname="tests.test_gridlabd_home" name="test_priority_order" time="0.001" /><testcase classname="tests.test_gridlabd_home" name="test_validation_nonexistent_path" time="0.003" /><testcase classname="tests.test_gridlabd_home" name="test_validation_empty_directory" time="0.004" /><testcase classname="tests.test_gridlabd_home" name="test_valid_installation_path" time="0.003" /><testcase classname="tests.test_gridlabd_home" name="test_gridlabd_instance_creation" time="0.001" /><testcase classname="tests.test_load_glm_pythonic.TestLoadGLMBackwardCompatibility" name="test_load_glm_with_list_old_style" time="0.278" /><testcase classname="tests.test_load_glm_pythonic.TestLoadGLMBackwardCompatibility" name="test_load_glm_with_options_old_style" time="0.287" /><testcase classname="tests.test_load_glm_pythonic.TestLoadGLMPythonicInterface" name="test_load_glm_simple_filename" time="0.286" /><testcase classname="tests.test_load_glm_pythonic.TestLoadGLMPythonicInterface" name="test_load_glm_with_verbose" time="0.297" /><testcase classname="tests.test_load_glm_pythonic.TestLoadGLMPythonicInterface" name="test_load_glm_with_warn" time="0.313" /><testcase classname="tests.test_load_glm_pythonic.TestLoadGLMPythonicInterface" name="test_load_glm_with_quiet" time="0.274" /><testcase classname="tests.test_load_glm_pythonic.TestLoadGLMPythonicInterface" name="test_load_glm_with_defines_dict" time="0.307" /><testcase classname="tests.test_load_glm_pythonic.TestLoadGLMPythonicInterface" name="test_load_glm_with_workdir" time="0.273"><failure message="PermissionError: [WinError 32] The process cannot access the file because it is being used by another process: 'C:\\Users\\atki407\\AppData\\Local\\Temp\\tmpwyxkz9ru'">C:\Program Files\Python312\Lib\shutil.py:637: in _rmtree_unsafe
    os.rmdir(path)
E   PermissionError: [WinError 32] The process cannot access the file because it is being used by another process: 'C:\\Users\\atki407\\AppData\\Local\\Temp\\tmpwyxkz9ru'

During handling of the above exception, another exception occurred:
C:\Program Files\Python312\Lib\tempfile.py:909: in onexc
    _os.unlink(path)
E   PermissionError: [WinError 5] Access is denied: 'C:\\Users\\atki407\\AppData\\Local\\Temp\\tmpwyxkz9ru'

During handling of the above exception, another exception occurred:
python_bindings\tests\test_load_glm_pythonic.py:138: in test_load_glm_with_workdir
    with tempfile.TemporaryDirectory() as tmpdir:
         ^^^^^^^^^^^^^^^^^^^^^^^^^^^^^
C:\Program Files\Python312\Lib\tempfile.py:950: in __exit__
    self.cleanup()
C:\Program Files\Python312\Lib\tempfile.py:954: in cleanup
    self._rmtree(self.name, ignore_errors=self._ignore_cleanup_errors)
C:\Program Files\Python312\Lib\tempfile.py:934: in _rmtree
    _shutil.rmtree(name, onexc=onexc)
C:\Program Files\Python312\Lib\shutil.py:781: in rmtree
    return _rmtree_unsafe(path, onexc)
           ^^^^^^^^^^^^^^^^^^^^^^^^^^^
C:\Program Files\Python312\Lib\shutil.py:639: in _rmtree_unsafe
    onexc(os.rmdir, path, err)
C:\Program Files\Python312\Lib\tempfile.py:924: in onexc
    cls._rmtree(path, ignore_errors=ignore_errors,
C:\Program Files\Python312\Lib\tempfile.py:934: in _rmtree
    _shutil.rmtree(name, onexc=onexc)
C:\Program Files\Python312\Lib\shutil.py:781: in rmtree
    return _rmtree_unsafe(path, onexc)
           ^^^^^^^^^^^^^^^^^^^^^^^^^^^
C:\Program Files\Python312\Lib\shutil.py:639: in _rmtree_unsafe
    onexc(os.rmdir, path, err)
C:\Program Files\Python312\Lib\shutil.py:637: in _rmtree_unsafe
    os.rmdir(path)
E   PermissionError: [WinError 32] The process cannot access the file because it is being used by another process: 'C:\\Users\\atki407\\AppData\\Local\\Temp\\tmpwyxkz9ru'</failure></testcase><testcase classname="tests.test_load_glm_pythonic.TestLoadGLMPythonicInterface" name="test_load_glm_with_threads" time="0.001"><skipped type="pytest.skip" message="--threadcount option causes GridLAB-D to hang">C:\dev\gridlab-d_fork\python_bindings\tests\test_load_glm_pythonic.py:160: --threadcount option causes GridLAB-D to hang</skipped></testcase><testcase classname="tests.test_load_glm_pythonic.TestLoadGLMPythonicInterface" name="test_load_glm_with_multiple_options" time="0.276" /><testcase classname="tests.test_load_glm_pythonic.TestLoadGLMPythonicInterface" name="test_load_glm_with_debug" time="0.272" /><testcase classname="tests.test_load_glm_pythonic.TestLoadGLMPythonicInterface" name="test_load_glm_with_check" time="0.000"><skipped type="pytest.skip" message="--check flag causes GridLAB-D internal validation to fail">C:\dev\gridlab-d_fork\python_bindings\tests\test_load_glm_pythonic.py:194: --check flag causes GridLAB-D internal validation to fail</skipped></testcase><testcase classname="tests.test_load_glm_pythonic.TestLoadGLMEdgeCases" name="test_load_glm_nonexistent_file" time="0.108" /><testcase classname="tests.test_load_glm_pythonic.TestLoadGLMEdgeCases" name="test_load_glm_empty_defines" time="0.271" /><testcase classname="tests.test_load_glm_pythonic.TestLoadGLMEdgeCases" name="test_load_glm_conflicting_flags" time="0.281" /><testcase classname="tests.test_load_glm_pythonic.TestLoadGLMComparison" name="test_old_vs_new_style_equivalent" time="0.543" /><testcase classname="tests.test_load_glm_pythonic.TestLoadGLMComparison" name="test_old_vs_new_with_defines" time="0.567" /><testcase classname="tests.test_message_capture" name="test_error_messages_captured" time="0.670" /><testcase classname="tests.test_message_capture" name="test_clear_messages" time="0.705" /><testcase classname="tests.test_message_capture" name="test_message_content" time="0.717" /><testcase classname="tests.test_message_capture" name="test_enable_disable_capture" time="0.728" /><testcase classname="tests.test_message_capture" name="test_message_limit_default" time="0.146" /><testcase classname="tests.test_message_capture" name="test_message_limit_enforcement" time="0.708" /><testcase classname="tests.test_message_capture" name="test_message_timestamps" time="0.728" /><testcase classname="tests.test_message_capture" name="test_verbose_default_suppresses_console_output" time="0.255"><failure message="AssertionError: Expected no stderr output with verbose=False, got: &lt;string&gt;:6: SyntaxWarning: invalid escape sequence '\d'&#10;  Traceback (most recent call last):&#10;    File &quot;&lt;string&gt;&quot;, line 9, in &lt;module&gt;&#10;    File &quot;C:\dev\gridlab-d_fork\python_bindings\src\gridlabd\_isolated.py&quot;, line 487, in run&#10;      raise RuntimeError(&quot;Cannot run simulation: no objects loaded in model&quot;)&#10;  RuntimeError: Cannot run simulation: no objects loaded in model&#10;  &#10;assert '&lt;string&gt;:6: ...ed in model\n' == ''&#10;  &#10;  + &lt;string&gt;:6: SyntaxWarning: invalid escape sequence '\d'&#10;  + Traceback (most recent call last):&#10;  +   File &quot;&lt;string&gt;&quot;, line 9, in &lt;module&gt;&#10;  +   File &quot;C:\dev\gridlab-d_fork\python_bindings\src\gridlabd\_isolated.py&quot;, line 487, in run&#10;  +     raise RuntimeError(&quot;Cannot run simulation: no objects loaded in model&quot;)&#10;  + RuntimeError: Cannot run simulation: no objects loaded in model">python_bindings\tests\test_message_capture.py:173: in test_verbose_default_suppresses_console_output
    assert result.stderr == "", \
E   AssertionError: Expected no stderr output with verbose=False, got: &lt;string&gt;:6: SyntaxWarning: invalid escape sequence '\d'
E     Traceback (most recent call last):
E       File "&lt;string&gt;", line 9, in &lt;module&gt;
E       File "C:\dev\gridlab-d_fork\python_bindings\src\gridlabd\_isolated.py", line 487, in run
E         raise RuntimeError("Cannot run simulation: no objects loaded in model")
E     RuntimeError: Cannot run simulation: no objects loaded in model
E     
E   assert '&lt;string&gt;:6: ...ed in model\n' == ''
E     
E     + &lt;string&gt;:6: SyntaxWarning: invalid escape sequence '\d'
E     + Traceback (most recent call last):
E     +   File "&lt;string&gt;", line 9, in &lt;module&gt;
E     +   File "C:\dev\gridlab-d_fork\python_bindings\src\gridlabd\_isolated.py", line 487, in run
E     +     raise RuntimeError("Cannot run simulation: no objects loaded in model")
E     + RuntimeError: Cannot run simulation: no objects loaded in model</failure></testcase><testcase classname="tests.test_message_capture" name="test_verbose_true_shows_console_output" time="0.245"><failure message="AssertionError: Expected successful run with verbose=True, got return code 1&#10;assert 1 == 0&#10; +  where 1 = CompletedProcess(args=['C:\\dev\\gridlab-d_fork\\.venv-windows-api\\Scripts\\python.exe', '-c', '\nimport sys\nimport ...annot run simulation: no objects loaded in model&quot;)\nRuntimeError: Cannot run simulation: no objects loaded in model\n').returncode">python_bindings\tests\test_message_capture.py:203: in test_verbose_true_shows_console_output
    assert result.returncode == 0, \
E   AssertionError: Expected successful run with verbose=True, got return code 1
E   assert 1 == 0
E    +  where 1 = CompletedProcess(args=['C:\\dev\\gridlab-d_fork\\.venv-windows-api\\Scripts\\python.exe', '-c', '\nimport sys\nimport ...annot run simulation: no objects loaded in model")\nRuntimeError: Cannot run simulation: no objects loaded in model\n').returncode</failure></testcase><testcase classname="tests.test_message_capture" name="test_messages_captured_regardless_of_verbose" time="1.432" /><testcase classname="tests.test_message_capture" name="test_no_console_interleaving" time="0.259"><failure message="AssertionError: Should have multiple user output lines&#10;assert 1 &gt;= 3&#10; +  where 1 = len(['USER_LINE_0'])">python_bindings\tests\test_message_capture.py:268: in test_no_console_interleaving
    assert len(user_lines) &gt;= 3, "Should have multiple user output lines"
E   AssertionError: Should have multiple user output lines
E   assert 1 &gt;= 3
E    +  where 1 = len(['USER_LINE_0'])</failure></testcase><testcase classname="tests.test_object_property_apis.TestSingleObjectSingleProperty" name="test_get_property_success" time="0.162" /><testcase classname="tests.test_object_property_apis.TestSingleObjectSingleProperty" name="test_get_property_invalid_object" time="0.154" /><testcase classname="tests.test_object_property_apis.TestSingleObjectAllProperties" name="test_get_object_properties_by_name" time="0.157" /><testcase classname="tests.test_object_property_apis.TestSingleObjectAllProperties" name="test_get_object_properties_by_id" time="0.152" /><testcase classname="tests.test_object_property_apis.TestAllObjectsNames" name="test_get_objects_by_class" time="0.161" /><testcase classname="tests.test_object_property_apis.TestAllObjectsNames" name="test_get_objects_by_class_empty" time="0.166" /><testcase classname="tests.test_object_property_apis.TestAllObjectsSingleProperty" name="test_get_properties_by_class" time="0.156" /><testcase classname="tests.test_object_property_apis.TestAllObjectsSingleProperty" name="test_get_properties_by_class_count_matches" time="0.156" /><testcase classname="tests.test_object_property_apis.TestAllObjectsAllProperties" name="test_get_all_objects_structure" time="0.163" /><testcase classname="tests.test_object_property_apis.TestAllObjectsAllProperties" name="test_get_all_objects_matches_individual_queries" time="0.156" /><testcase classname="tests.test_object_property_apis.TestAPIComparison" name="test_api_comparison_workflow" time="0.159" /><testcase classname="tests.test_object_property_apis.TestAPIComparison" name="test_efficiency_comparison" time="0.176" /><testcase classname="tests.test_object_property_apis.TestEdgeCases" name="test_empty_class" time="0.154" /><testcase classname="tests.test_object_property_apis.TestEdgeCases" name="test_all_apis_return_correct_types" time="0.175" /><testcase classname="tests.test_object_property_apis.TestTypedPropertyValues" name="test_get_property_typed_returns_float" time="0.154" /><testcase classname="tests.test_object_property_apis.TestTypedPropertyValues" name="test_get_properties_by_class_typed_returns_numeric_values" time="0.152" /><testcase classname="tests.test_object_property_apis.TestTypedPropertyValues" name="test_get_object_properties_typed_preserves_metadata" time="0.155" /><testcase classname="tests.test_object_property_apis.TestTypedPropertyValues" name="test_get_all_objects_typed_returns_typed_properties" time="0.157" /><testcase classname="tests.test_object_property_apis.TestTypedPropertyValues" name="test_get_model_typed_returns_typed_values" time="0.155" /><testcase classname="tests.test_property_types.TestPropertyInfo" name="test_get_property_info_double" time="0.218" /><testcase classname="tests.test_property_types.TestPropertyInfo" name="test_get_property_info_enumeration" time="0.162" /><testcase classname="tests.test_property_types.TestPropertyInfo" name="test_get_property_info_nonexistent" time="0.157" /><testcase classname="tests.test_property_types.TestSetPropertyWithNativeTypes" name="test_set_property_with_string" time="0.158" /><testcase classname="tests.test_property_types.TestSetPropertyWithNativeTypes" name="test_set_property_with_int" time="0.147" /><testcase classname="tests.test_property_types.TestSetPropertyWithNativeTypes" name="test_set_property_with_float" time="0.155" /><testcase classname="tests.test_property_types.TestSetPropertyWithNativeTypes" name="test_set_property_with_bool" time="0.161" /><testcase classname="tests.test_property_types.TestSetPropertyWithNativeTypes" name="test_set_property_with_complex" time="0.160" /><testcase classname="tests.test_property_types.TestSetPropertyWithNativeTypes" name="test_set_property_mixed_types" time="0.154" /><testcase classname="tests.test_property_types.TestPropertyTypeWorkflow" name="test_introspect_then_set" time="0.154" /><testcase classname="tests.test_property_values.TestGetObjectPropertyValue" name="test_double_returns_float" time="0.173" /><testcase classname="tests.test_property_values.TestGetObjectPropertyValue" name="test_complex_returns_complex" time="0.153" /><testcase classname="tests.test_property_values.TestGetObjectPropertyValue" name="test_enumeration_returns_str" time="0.149" /><testcase classname="tests.test_property_values.TestGetObjectPropertyValue" name="test_no_unit_suffix" time="0.152" /><testcase classname="tests.test_property_values.TestGetObjectPropertyValue" name="test_nonexistent_property_raises" time="0.162" /><testcase classname="tests.test_property_values.TestGetObjectPropertyValue" name="test_nonexistent_object_raises" time="0.161" /><testcase classname="tests.test_property_values.TestGetObjectPropertyValue" name="test_value_matches_get_property" time="0.159" /><testcase classname="tests.test_property_values.TestGetObjectPropertiesDetailed" name="test_returns_dict_of_dicts" time="0.161" /><testcase classname="tests.test_property_values.TestGetObjectPropertiesDetailed" name="test_metadata_keys" time="0.154" /><testcase classname="tests.test_property_values.TestGetObjectPropertiesDetailed" name="test_value_has_correct_type" time="0.149" /><testcase classname="tests.test_property_values.TestGetObjectPropertiesDetailed" name="test_access_field" time="0.165" /><testcase classname="tests.test_property_values.TestGetObjectPropertiesDetailed" name="test_no_internal_keys" time="0.163" /><testcase classname="tests.test_property_values.TestGetObjectPropertiesDetailed" name="test_complex_property_metadata" time="0.169" /><testcase classname="tests.test_property_values.TestGetObjectPropertiesDetailed" name="test_nonexistent_object_raises" time="0.164" /><testcase classname="tests.test_property_values.TestConsistency" name="test_value_matches_detailed" time="0.146" /><testcase classname="tests.test_regressions" name="test_step_respects_fixed_timestep" time="0.295" /><testcase classname="tests.test_regressions" name="test_step_to_accepts_iso8601_and_hits_target" time="1.122" /><testcase classname="tests.test_regressions" name="test_step_does_not_exceed_stoptime" time="0.278" /><testcase classname="tests.test_regressions" name="test_get_time_returns_iso8601" time="0.269" /><testcase classname="tests.test_regressions" name="test_network_node_measured_real_power_falls_back_to_distribution_power" time="1.086"><failure message="assert 3 == 0">python_bindings\tests\test_regressions.py:119: in test_network_node_measured_real_power_falls_back_to_distribution_power
    assert dist_a_code == 0
E   assert 3 == 0</failure></testcase><testcase classname="tests.test_regressions" name="test_network_node_measured_real_power_typed_uses_fallback_type" time="1.109"><failure message="assert 3 == 0">python_bindings\tests\test_regressions.py:143: in test_network_node_measured_real_power_typed_uses_fallback_type
    assert distribution_code == 0
E   assert 3 == 0</failure></testcase><testcase classname="tests.test_regressions" name="test_measured_real_power_fallback_works_across_multiple_instances" time="3.717" /><testcase classname="tests.test_regressions" name="test_get_properties_by_class_name_returns_object_names" time="1.059" /><testcase classname="tests.test_regressions" name="test_step_past_stoptime_returns_error_and_warns" time="0.316" /><testcase classname="tests.test_regressions" name="test_step_to_subseconds_triggers_delta_branch" time="0.314" /><testcase classname="tests.test_run_bug_workflow" name="test_run_house_with_solar_one_hour" time="1.390" /><testcase classname="tests.test_set_property_normalization" name="test_set_property_detailed_reports_normalization" time="1.137" /><testcase classname="tests.test_set_property_normalization" name="test_repeated_normalized_set_property_allows_stepping" time="1.335" /><testcase classname="tests.test_simple_load" name="test_simple_load_and_run" time="0.309" /><testcase classname="tests.test_simple_load" name="test_simple_load_with_argv" time="0.290" /><testcase classname="tests.test_simulation_results.TestSimulationResults" name="test_properties_change_during_simulation" time="0.748" /><testcase classname="tests.test_simulation_results.TestSimulationResults" name="test_query_all_final_temperatures" time="0.682" /><testcase classname="tests.test_simulation_results.TestSimulationResults" name="test_query_hvac_runtime" time="0.733" /><testcase classname="tests.test_simulation_results.TestRealWorldWorkflow" name="test_parameter_sweep" time="0.712" /><testcase classname="tests.test_simulation_results.TestRealWorldWorkflow" name="test_data_extraction_workflow" time="0.729" /><testcase classname="tests.test_time_consistency.TestTimeConsistency" name="test_get_time_returns_iso" time="0.278" /><testcase classname="tests.test_time_consistency.TestTimeConsistency" name="test_step_returns_iso" time="0.292" /><testcase classname="tests.test_time_consistency.TestTimeConsistency" name="test_step_to_returns_iso" time="0.273" /><testcase classname="tests.test_time_consistency.TestTimeConsistency" name="test_get_clock_returns_iso" time="0.280" /><testcase classname="tests.test_time_consistency.TestTimeConsistency" name="test_get_starttime_returns_iso" time="0.264" /><testcase classname="tests.test_time_consistency.TestTimeConsistency" name="test_get_stoptime_returns_iso" time="0.280" /><testcase classname="tests.test_time_consistency.TestTimeConsistency" name="test_get_start_and_stop_include_timezone_offset" time="0.274" /><testcase classname="tests.test_time_consistency.TestTimeConsistency" name="test_step_and_get_time_agree" time="0.279" /><testcase classname="tests.test_time_consistency.TestTimeConsistency" name="test_get_clock_and_get_time_agree" time="0.274" /><testcase classname="tests.test_time_consistency.TestTimeConsistency" name="test_checkpoint_clock_times_are_iso" time="1.163" /><testcase classname="tests.unit.test_execution" name="test_run_minimal_model" time="0.294" /><testcase classname="tests.unit.test_execution" name="test_run_without_loading" time="0.109" /><testcase classname="tests.unit.test_execution" name="test_step_minimal_model" time="0.271" /><testcase classname="tests.unit.test_execution" name="test_step_until_completion" time="0.278" /><testcase classname="tests.unit.test_execution" name="test_step_without_loading" time="0.120" /><testcase classname="tests.unit.test_execution" name="test_stepped_fixture_is_initialized" time="0.271" /><testcase classname="tests.unit.test_execution" name="test_run_returns_status_code" time="0.276" /><testcase classname="tests.unit.test_execution" name="test_run_accepts_iso8601_bounds" time="0.276" /><testcase classname="tests.unit.test_execution" name="test_step_respects_fixed_timestep" time="0.287" /><testcase classname="tests.unit.test_execution" name="test_step_returns_error_when_worker_exits_during_step" time="0.107" /><testcase classname="tests.unit.test_initialization" name="test_create_instance" time="0.133" /><testcase classname="tests.unit.test_initialization" name="test_create_multiple_instances" time="0.223" /><testcase classname="tests.unit.test_initialization" name="test_get_install_root" time="0.110" /><testcase classname="tests.unit.test_initialization" name="test_is_initialized" time="0.110" /><testcase classname="tests.unit.test_initialization" name="test_instance_cleanup" time="0.215" /><testcase classname="tests.unit.test_initialization" name="test_fixture_provides_instance" time="0.114" /><testcase classname="tests.unit.test_loading" name="test_load_minimal_model" time="0.291" /><testcase classname="tests.unit.test_loading" name="test_load_nonexistent_file" time="0.108" /><testcase classname="tests.unit.test_loading" name="test_load_invalid_syntax" time="0.119" /><testcase classname="tests.unit.test_loading" name="test_load_glm_with_argv_style" time="0.282" /><testcase classname="tests.unit.test_loading" name="test_load_stepping_model" time="0.288" /><testcase classname="tests.unit.test_loading" name="test_fixture_provides_loaded_model" time="0.282" /></testsuite></testsuites>